This is pdfeTeX, Version 3.141592-1.21a-2.2 (Web2C 7.5.4) (format=latex 2007.3.12)  3 JUN 2016 10:46
entering extended mode
**iverson2016.sol
(./iverson2016.sol.tex
LaTeX2e <2003/12/01>
Babel <v3.8d> and hyphenation patterns for american, french, german, ngerman, b
ahasa, basque, bulgarian, catalan, croatian, czech, danish, dutch, esperanto, e
stonian, finnish, greek, icelandic, irish, italian, latin, magyar, norsk, polis
h, portuges, romanian, russian, serbian, slovak, slovene, spanish, swedish, tur
kish, ukrainian, nohyphenation, loaded.
(/sw/share/texmf-dist/tex/latex/base/article.cls
Document Class: article 2004/02/16 v1.4f Standard LaTeX document class
(/sw/share/texmf-dist/tex/latex/base/size12.clo
File: size12.clo 2004/02/16 v1.4f Standard LaTeX file (size option)
)
\c@part=\count79
\c@section=\count80
\c@subsection=\count81
\c@subsubsection=\count82
\c@paragraph=\count83
\c@subparagraph=\count84
\c@figure=\count85
\c@table=\count86
\abovecaptionskip=\skip41
\belowcaptionskip=\skip42
\bibindent=\dimen102
)
(/sw/share/texmf-dist/tex/latex/tools/enumerate.sty
Package: enumerate 1999/03/05 v3.00 enumerate extensions (DPC)
\@enLab=\toks14
)
(/sw/share/texmf-dist/tex/latex/fancybox/fancybox.sty
Package: fancybox 2000/09/19 1.3

Style option: `fancybox' v1.3 <2000/09/19> (tvz)
\@fancybox=\box26
\shadowsize=\dimen103
\@Sbox=\box27
\do@VerbBox=\toks15
\the@fancyput=\toks16
\this@fancyput=\toks17
\EndVerbatimTokens=\toks18
\Verbatim@Outfile=\write3
\Verbatim@Infile=\read1
) (/sw/share/texmf-dist/tex/latex/base/alltt.sty
Package: alltt 1997/06/16 v2.0g defines alltt environment
)
(/sw/share/texmf-dist/tex/latex/graphics/color.sty
Package: color 1999/02/16 v1.0i Standard LaTeX Color (DPC)

(/sw/share/texmf-dist/tex/latex/graphics/color.cfg
File: color.cfg 2005/02/03 v1.3 color configuration of teTeX/TeXLive
)
Package color Info: Driver file: dvips.def on input line 125.

(/sw/share/texmf-dist/tex/latex/graphics/dvips.def
File: dvips.def 1999/02/16 v3.0i Driver-dependant file (DPC,SPQR)
)
(/sw/share/texmf-dist/tex/latex/graphics/dvipsnam.def
File: dvipsnam.def 1999/02/16 v3.0i Driver-dependant file (DPC,SPQR)
))
(/sw/share/texmf-dist/tex/generic/epsf/epsf.tex
This is `epsf.tex' v2.7k <10 July 1997>
\epsffilein=\read2
\epsfframemargin=\dimen104
\epsfframethickness=\dimen105
\epsfrsize=\dimen106
\epsftmp=\dimen107
\epsftsize=\dimen108
\epsfxsize=\dimen109
\epsfysize=\dimen110
\pspoints=\dimen111
\epsfnoopenhelp=\toks19
) (/sw/share/texmf-dist/tex/latex/graphics/epsfig.sty
Package: epsfig 1999/02/16 v1.7a (e)psfig emulation (SPQR)

(/sw/share/texmf-dist/tex/latex/graphics/graphicx.sty
Package: graphicx 1999/02/16 v1.0f Enhanced LaTeX Graphics (DPC,SPQR)

(/sw/share/texmf-dist/tex/latex/graphics/keyval.sty
Package: keyval 1999/03/16 v1.13 key=value parser (DPC)
\KV@toks@=\toks20
)
(/sw/share/texmf-dist/tex/latex/graphics/graphics.sty
Package: graphics 2001/07/07 v1.0n Standard LaTeX Graphics (DPC,SPQR)

(/sw/share/texmf-dist/tex/latex/graphics/trig.sty
Package: trig 1999/03/16 v1.09 sin cos tan (DPC)
)
(/sw/share/texmf-dist/tex/latex/graphics/graphics.cfg
File: graphics.cfg 2005/02/03 v1.3 graphics configuration of teTeX/TeXLive
)
Package graphics Info: Driver file: dvips.def on input line 80.
)
\Gin@req@height=\dimen112
\Gin@req@width=\dimen113
)
\epsfxsize=\dimen114
\epsfysize=\dimen115
)
(/sw/share/texmf-dist/tex/latex/eepic/epic.sty
Enhancements to Picture Environment. Version 1.2 - Released June 1, 1986
\@@multicnt=\count87
\d@lta=\count88
\@delta=\dimen116
\@@delta=\dimen117
\@gridcnt=\count89
\@joinkind=\count90
\@dotgap=\dimen118
\@ddotgap=\dimen119
\@x@diff=\count91
\@y@diff=\count92
\x@diff=\dimen120
\y@diff=\dimen121
\@dotbox=\box28
\num@segments=\count93
\num@segmentsi=\count94
\@datafile=\read3
) (/sw/share/texmf-dist/tex/latex/eepic/eepic.sty
Extension to Epic and LaTeX. Version 1.1e - Released Dec 21, 1999
\@gphlinewidth=\count95
\@eepictcnt=\count96
\@tempdimc=\dimen122
\maxovaldiam=\dimen123
\@filltype=\box29
) (/sw/share/texmf-dist/tex/latex/multirow/multirow.sty
\bigstrutjot=\dimen124
)
(/sw/share/texmf-dist/tex/latex/oberdiek/epstopdf.sty
Package: epstopdf 2001/02/04 v1.1 Conversion with epstopdf on the fly (HO)


Package epstopdf Warning: Graphics driver file `pdftex.def' not loaded.

) (/sw/share/texmf-dist/tex/latex/geometry/geometry.sty
Package: geometry 2002/07/08 v3.2 Page Geometry
\Gm@cnth=\count97
\Gm@cntv=\count98
\c@Gm@tempcnt=\count99
\Gm@bindingoffset=\dimen125
\Gm@wd@mp=\dimen126
\Gm@odd@mp=\dimen127
\Gm@even@mp=\dimen128
\Gm@dimlist=\toks21

(/sw/share/texmf-dist/tex/latex/geometry/geometry.cfg))
No file iverson2016.sol.aux.
\openout1 = `iverson2016.sol.aux'.

LaTeX Font Info:    Checking defaults for OML/cmm/m/it on input line 26.
LaTeX Font Info:    ... okay on input line 26.
LaTeX Font Info:    Checking defaults for T1/cmr/m/n on input line 26.
LaTeX Font Info:    ... okay on input line 26.
LaTeX Font Info:    Checking defaults for OT1/cmr/m/n on input line 26.
LaTeX Font Info:    ... okay on input line 26.
LaTeX Font Info:    Checking defaults for OMS/cmsy/m/n on input line 26.
LaTeX Font Info:    ... okay on input line 26.
LaTeX Font Info:    Checking defaults for OMX/cmex/m/n on input line 26.
LaTeX Font Info:    ... okay on input line 26.
LaTeX Font Info:    Checking defaults for U/cmr/m/n on input line 26.
LaTeX Font Info:    ... okay on input line 26.
-------------------- Geometry parameters
paper: class default
landscape: --
twocolumn: --
twoside: --
asymmetric: --
h-parts: 85.35826pt, 443.57848pt, 85.35826pt
v-parts: 85.35826pt, 681.15898pt, 28.45274pt
hmarginratio: --
vmarginratio: --
lines: --
heightrounded: --
bindingoffset: 0.0pt
truedimen: --
includehead: --
includefoot: --
includemp: --
driver: 
-------------------- Page layout dimensions and switches
\paperwidth  614.295pt
\paperheight 794.96999pt
\textwidth  443.57848pt
\textheight 681.15898pt
\oddsidemargin  13.08827pt
\evensidemargin 13.08827pt
\topmargin  -23.91173pt
\headheight 12.0pt
\headsep    25.0pt
\footskip   30.0pt
\marginparwidth 44.0pt
\marginparsep   10.0pt
\columnsep  10.0pt
\skip\footins  10.8pt plus 4.0pt minus 2.0pt
\hoffset 0.0pt
\voffset 0.0pt
\mag 1000

(1in=72.27pt, 1cm=28.45pt)
-----------------------
LaTeX Font Info:    External font `cmex10' loaded for size
(Font)              <14.4> on input line 42.
LaTeX Font Info:    External font `cmex10' loaded for size
(Font)              <7> on input line 42.
[1

] [2]
LaTeX Font Info:    External font `cmex10' loaded for size
(Font)              <12> on input line 151.
LaTeX Font Info:    External font `cmex10' loaded for size
(Font)              <8> on input line 151.
LaTeX Font Info:    External font `cmex10' loaded for size
(Font)              <6> on input line 151.
File: Figures/23-tilings.eps Graphic file (type eps)
 <Figures/23-tilings.eps> [3]
File: Figures/34-tiling.eps Graphic file (type eps)
 <Figures/34-tiling.eps> [4]
Overfull \hbox (42.69122pt too wide) in paragraph at lines 284--300
\OT1/cmr/m/n/12 (a) []     $[]$     $[]$ 
 []


Overfull \hbox (43.344pt too wide) in paragraph at lines 337--355
\OT1/cmr/m/n/12 (b) []     $[]$     $[]$ 
 []

[5]
Overfull \hbox (55.78487pt too wide) in paragraph at lines 374--390
$[]$      $[]$ 
 []

[6]
LaTeX Font Info:    Try loading font information for OMS+cmr on input line 414.

 (/sw/share/texmf-dist/tex/latex/base/omscmr.fd
File: omscmr.fd 1999/05/25 v2.5h Standard LaTeX font definitions
)
LaTeX Font Info:    Font shape `OMS/cmr/m/n' in size <12> not available
(Font)              Font shape `OMS/cmsy/m/n' tried instead on input line 414.

Overfull \hbox (32.0671pt too wide) in paragraph at lines 418--420
[][]\OT1/cmtt/m/n/12 str = "10101101"\OT1/cmr/m/n/12 , []\OT1/cmtt/m/n/12 blrk 
= "10*10*"\OT1/cmr/m/n/12 , \OT1/cmr/bx/n/12 match []\OT1/cmtt/m/n/12 "10(101)1
0(1)" and "10()10(1101)" 
 []


Underfull \hbox (badness 10000) in paragraph at lines 432--433

 []


Underfull \hbox (badness 10000) in paragraph at lines 432--433

 []


Underfull \hbox (badness 10000) in paragraph at lines 433--434

 []


Underfull \hbox (badness 10000) in paragraph at lines 433--434

 []


Underfull \hbox (badness 10000) in paragraph at lines 434--435

 []


Underfull \hbox (badness 10000) in paragraph at lines 434--435

 []


Underfull \hbox (badness 10000) in paragraph at lines 435--436

 []


Underfull \hbox (badness 10000) in paragraph at lines 435--436

 []


Underfull \hbox (badness 10000) in paragraph at lines 436--437

 []


Underfull \hbox (badness 10000) in paragraph at lines 436--437

 []


Underfull \hbox (badness 10000) in paragraph at lines 437--438

 []


Underfull \hbox (badness 10000) in paragraph at lines 437--438

 []

[7] [8]
File: fz/pix/7x7-f1b6.eps Graphic file (type eps)
 <fz/pix/7x7-f1b6.eps> [9]
File: fz/pix/3x3-marked.eps Graphic file (type eps)
 <fz/pix/3x3-marked.eps>
File: fz/pix/3strat.eps Graphic file (type eps)
 <fz/pix/3strat.eps>
File: fz/pix/3strat0.eps Graphic file (type eps)

<fz/pix/3strat0.eps>
File: fz/pix/3strat1.eps Graphic file (type eps)
 <fz/pix/3strat1.eps> [10]
File: fz/pix/4x4.winners.eps Graphic file (type eps)
 <fz/pix/4x4.winners.eps>
File: fz/pix/4.1strat2.eps Graphic file (type eps)

<fz/pix/4.1strat2.eps>
File: fz/pix/4x4.winners0.eps Graphic file (type eps)
 <fz/pix/4x4.winners0.eps> [11]
File: fz/pix/4.1strat.eps Graphic file (type eps)
 <fz/pix/4.1strat.eps>
File: fz/pix/4x4.winners1.eps Graphic file (type eps)

<fz/pix/4x4.winners1.eps>
File: fz/pix/4z.eps Graphic file (type eps)
 <fz/pix/4z.eps>
File: fz/pix/4x4.winners2.eps Graphic file (type eps)
 <fz/pix/4x4.winners2.eps>
File: fz/pix/4last.eps Graphic file (type eps)

<fz/pix/4last.eps>
File: fz/pix/4x4.winners.eps Graphic file (type eps)
 <fz/pix/4x4.winners.eps> [12]
File: fz/pix/3x3.eps Graphic file (type eps)
 <fz/pix/3x3.eps>
File: fz/pix/3x3.eps Graphic file (type eps)

<fz/pix/3x3.eps>
File: fz/pix/3x3.eps Graphic file (type eps)
 <fz/pix/3x3.eps>
File: fz/pix/3x3.eps Graphic file (type eps)
 <fz/pix/3x3.eps>
File: fz/pix/3x3.eps Graphic file (type eps)
 <fz/pix/3x3.eps>
File: fz/pix/3x3.eps Graphic file (type eps)

<fz/pix/3x3.eps>
File: fz/pix/3x3.eps Graphic file (type eps)
 <fz/pix/3x3.eps>
File: fz/pix/3x3.eps Graphic file (type eps)
 <fz/pix/3x3.eps>
File: fz/pix/3x3.eps Graphic file (type eps)
 <fz/pix/3x3.eps>
File: fz/pix/3x3.eps Graphic file (type eps)

<fz/pix/3x3.eps>
File: fz/pix/3x3.eps Graphic file (type eps)
 <fz/pix/3x3.eps>
File: fz/pix/3x3.eps Graphic file (type eps)
 <fz/pix/3x3.eps>
File: fz/pix/3x3.eps Graphic file (type eps)
 <fz/pix/3x3.eps>
File: fz/pix/3x3.eps Graphic file (type eps)

<fz/pix/3x3.eps>
File: fz/pix/3x3.eps Graphic file (type eps)
 <fz/pix/3x3.eps> [13]
File: fz/pix/4x4.eps Graphic file (type eps)
 <fz/pix/4x4.eps>
File: fz/pix/4x4.eps Graphic file (type eps)
 <fz/pix/4x4.eps>
File: fz/pix/4x4.eps Graphic file (type eps)

<fz/pix/4x4.eps>
File: fz/pix/4x4.eps Graphic file (type eps)
 <fz/pix/4x4.eps>
File: fz/pix/4x4.eps Graphic file (type eps)
 <fz/pix/4x4.eps>
File: fz/pix/4x4.eps Graphic file (type eps)
 <fz/pix/4x4.eps>
File: fz/pix/4x4.eps Graphic file (type eps)

<fz/pix/4x4.eps>
File: fz/pix/4x4.eps Graphic file (type eps)
 <fz/pix/4x4.eps>
File: fz/pix/4x4.eps Graphic file (type eps)
 <fz/pix/4x4.eps>
File: fz/pix/4x4.eps Graphic file (type eps)
 <fz/pix/4x4.eps>
File: fz/pix/4x4.eps Graphic file (type eps)

<fz/pix/4x4.eps>
File: fz/pix/4x4.eps Graphic file (type eps)
 <fz/pix/4x4.eps>
File: fz/pix/4x4.eps Graphic file (type eps)
 <fz/pix/4x4.eps>
File: fz/pix/4x4.eps Graphic file (type eps)
 <fz/pix/4x4.eps>
File: fz/pix/4x4.eps Graphic file (type eps)

<fz/pix/4x4.eps>
File: fz/pix/4x4.eps Graphic file (type eps)
 <fz/pix/4x4.eps>
File: fz/pix/4x4.eps Graphic file (type eps)
 <fz/pix/4x4.eps>
File: fz/pix/4x4.eps Graphic file (type eps)
 <fz/pix/4x4.eps> [14]
(./iverson2016.sol.aux) ) 
Here is how much of TeX's memory you used:
 1595 strings out of 94501
 21372 string characters out of 1176137
 75300 words of memory out of 1000000
 4748 multiletter control sequences out of 10000+50000
 10620 words of font info for 38 fonts, out of 500000 for 2000
 580 hyphenation exceptions out of 1000
 32i,9n,21p,319b,262s stack positions out of 1500i,500n,5000p,200000b,5000s

Output written on iverson2016.sol.dvi (14 pages, 27128 bytes).
